Соловьева Валерия Владимировна, задание номер 7

explain analyse запроса без индексов

    Limit  (cost=326776.00..326776.02 rows=10 width=56) (actual time=5817.927..5818.000 rows=10 loops=1)
      ->  Sort  (cost=326776.00..327125.84 rows=139939 width=56) (actual time=5817.925..5817.997 rows=10 loops=1)
            Sort Key: r.startdate
            Sort Method: top-N heapsort  Memory: 25kB
            ->  Group  (cost=321303.03..323751.96 rows=139939 width=56) (actual time=5771.963..5805.376 rows=144000 loops=1)
    "              Group Key: r.id, (((bs.city || ', '::text) || bs.name)), (count(t.id)), (count(s_1.id))"
                  ->  Sort  (cost=321303.03..321652.88 rows=139939 width=56) (actual time=5771.957..5782.301 rows=144000 loops=1)
    "                    Sort Key: r.id, (((bs.city || ', '::text) || bs.name)), (count(t.id)), (count(s_1.id))"
                        Sort Method: external merge  Disk: 7864kB
                        ->  Hash Join  (cost=256969.52..304557.64 rows=139939 width=56) (actual time=5471.743..5736.524 rows=144000 loops=1)
                              Hash Cond: (r.fkbus = s_1.fkbus)
                              ->  Nested Loop  (cost=256964.41..303174.13 rows=139939 width=84) (actual time=5471.016..5706.842 rows=144000 loops=1)
                                    ->  Hash Join  (cost=256964.27..299843.70 rows=139939 width=24) (actual time=5470.910..5664.223 rows=144000 loops=1)
                                          Hash Cond: (s.fkroute = br.id)
                                          ->  Hash Join  (cost=256961.92..299448.07 rows=139939 width=24) (actual time=5470.867..5645.146 rows=144000 loops=1)
                                                Hash Cond: (r.fkschedule = s.id)
                                                ->  Merge Join  (cost=256918.52..299036.25 rows=139939 width=24) (actual time=5469.686..5620.887 rows=144000 loops=1)
                                                      Merge Cond: (r.id = t.fkride)
                                                      ->  Index Scan using ride_pkey on ride r  (cost=0.42..4555.42 rows=144000 width=16) (actual time=1.398..29.991 rows=144000 loops=1)
                                                      ->  Finalize GroupAggregate  (cost=256918.10..292371.59 rows=139939 width=12) (actual time=5468.283..5562.732 rows=144000 loops=1)
                                                            Group Key: t.fkride
                                                            ->  Gather Merge  (cost=256918.10..289572.81 rows=279878 width=12) (actual time=5468.268..5516.784 rows=432000 loops=1)
                                                                  Workers Planned: 2
                                                                  Workers Launched: 2
                                                                  ->  Sort  (cost=255918.07..256267.92 rows=139939 width=12) (actual time=5393.775..5405.187 rows=144000 loops=3)
                                                                        Sort Key: t.fkride
                                                                        Sort Method: external merge  Disk: 3672kB
                                                                        Worker 0:  Sort Method: external merge  Disk: 3672kB
                                                                        Worker 1:  Sort Method: external merge  Disk: 3672kB
                                                                        ->  Partial HashAggregate  (cost=219056.17..241563.18 rows=139939 width=12) (actual time=5197.471..5352.947 rows=144000 loops=3)
                                                                              Group Key: t.fkride
                                                                              Planned Partitions: 4  Batches: 5  Memory Usage: 8241kB  Disk Usage: 25376kB
                                                                              Worker 0:  Batches: 5  Memory Usage: 8241kB  Disk Usage: 24032kB
                                                                              Worker 1:  Batches: 5  Memory Usage: 8241kB  Disk Usage: 28208kB
                                                                              ->  Parallel Seq Scan on tickets t  (cost=0.00..80590.20 rows=2161420 width=12) (actual time=0.722..4706.300 rows=1728502 loops=3)
                                                ->  Hash  (cost=25.40..25.40 rows=1440 width=8) (actual time=1.123..1.124 rows=1440 loops=1)
                                                      Buckets: 2048  Batches: 1  Memory Usage: 73kB
                                                      ->  Seq Scan on schedule s  (cost=0.00..25.40 rows=1440 width=8) (actual time=0.334..1.014 rows=1440 loops=1)
                                          ->  Hash  (cost=1.60..1.60 rows=60 width=8) (actual time=0.026..0.026 rows=60 loops=1)
                                                Buckets: 1024  Batches: 1  Memory Usage: 11kB
                                                ->  Seq Scan on busroute br  (cost=0.00..1.60 rows=60 width=8) (actual time=0.013..0.017 rows=60 loops=1)
                                    ->  Memoize  (cost=0.15..0.36 rows=1 width=68) (actual time=0.000..0.000 rows=1 loops=144000)
                                          Cache Key: br.fkbusstationfrom
                                          Cache Mode: logical
                                          Hits: 143990  Misses: 10  Evictions: 0  Overflows: 0  Memory Usage: 2kB
                                          ->  Index Scan using busstation_pkey on busstation bs  (cost=0.14..0.35 rows=1 width=68) (actual time=0.010..0.010 rows=1 loops=10)
                                                Index Cond: (id = br.fkbusstationfrom)
                              ->  Hash  (cost=5.05..5.05 rows=5 width=12) (actual time=0.709..0.710 rows=5 loops=1)
                                    Buckets: 1024  Batches: 1  Memory Usage: 9kB
                                    ->  HashAggregate  (cost=5.00..5.05 rows=5 width=12) (actual time=0.705..0.706 rows=5 loops=1)
                                          Group Key: s_1.fkbus
                                          Batches: 1  Memory Usage: 24kB
                                          ->  Seq Scan on seat s_1  (cost=0.00..4.00 rows=200 width=8) (actual time=0.432..0.671 rows=200 loops=1)
    Planning Time: 0.689 ms
    Execution Time: 5825.124 ms

CREATE INDEX IF NOT EXISTS i_book_ride_fkschedule ON book.ride (fkschedule);

CREATE INDEX IF NOT EXISTS i_book_schedule_fkroute ON book.schedule (fkroute);

CREATE INDEX IF NOT EXISTS i_book_busroute_fkbusstationfrom ON book.busroute (fkbusstationfrom);

CREATE INDEX IF NOT EXISTS i_book_tickets_fkride ON book.tickets (fkride);

CREATE INDEX IF NOT EXISTS i_book_ride_fkbus ON book.ride (fkbus);

explain analyse запроса с индексами

      Limit  (cost=326709.52..326709.54 rows=10 width=56) (actual time=951.515..951.569 rows=10 loops=1)
        ->  Sort  (cost=326709.52..327059.36 rows=139939 width=56) (actual time=951.513..951.567 rows=10 loops=1)
              Sort Key: r.startdate
              Sort Method: top-N heapsort  Memory: 25kB
              ->  Group  (cost=321236.55..323685.49 rows=139939 width=56) (actual time=907.464..940.023 rows=144000 loops=1)
      "              Group Key: r.id, (((bs.city || ', '::text) || bs.name)), (count(t.id)), (count(s_1.id))"
                    ->  Sort  (cost=321236.55..321586.40 rows=139939 width=56) (actual time=907.458..917.251 rows=144000 loops=1)
      "                    Sort Key: r.id, (((bs.city || ', '::text) || bs.name)), (count(t.id)), (count(s_1.id))"
                          Sort Method: external merge  Disk: 7864kB
                          ->  Hash Join  (cost=256903.05..304491.16 rows=139939 width=56) (actual time=630.822..869.480 rows=144000 loops=1)
                                Hash Cond: (r.fkbus = s_1.fkbus)
                                ->  Nested Loop  (cost=256897.93..303107.65 rows=139939 width=84) (actual time=630.746..842.484 rows=144000 loops=1)
                                      ->  Hash Join  (cost=256897.79..299777.22 rows=139939 width=24) (actual time=630.720..804.596 rows=144000 loops=1)
                                            Hash Cond: (s.fkroute = br.id)
                                            ->  Hash Join  (cost=256895.44..299381.59 rows=139939 width=24) (actual time=630.695..785.702 rows=144000 loops=1)
                                                  Hash Cond: (r.fkschedule = s.id)
                                                  ->  Merge Join  (cost=256852.04..298969.77 rows=139939 width=24) (actual time=630.501..764.339 rows=144000 loops=1)
                                                        Merge Cond: (r.id = t.fkride)
                                                        ->  Index Scan using ride_pkey on ride r  (cost=0.42..4555.42 rows=144000 width=16) (actual time=0.015..18.322 rows=144000 loops=1)
                                                        ->  Finalize GroupAggregate  (cost=256851.62..292305.11 rows=139939 width=12) (actual time=630.483..719.763 rows=144000 loops=1)
                                                              Group Key: t.fkride
                                                              ->  Gather Merge  (cost=256851.62..289506.33 rows=279878 width=12) (actual time=630.475..676.352 rows=431999 loops=1)
                                                                    Workers Planned: 2
                                                                    Workers Launched: 2
                                                                    ->  Sort  (cost=255851.59..256201.44 rows=139939 width=12) (actual time=594.151..603.964 rows=144000 loops=3)
                                                                          Sort Key: t.fkride
                                                                          Sort Method: external merge  Disk: 3672kB
                                                                          Worker 0:  Sort Method: external merge  Disk: 3672kB
                                                                          Worker 1:  Sort Method: external merge  Disk: 3672kB
                                                                          ->  Partial HashAggregate  (cost=218997.44..241496.70 rows=139939 width=12) (actual time=450.454..561.376 rows=144000 loops=3)
                                                                                Group Key: t.fkride
                                                                                Planned Partitions: 4  Batches: 5  Memory Usage: 8241kB  Disk Usage: 27488kB
                                                                                Worker 0:  Batches: 5  Memory Usage: 8241kB  Disk Usage: 27504kB
                                                                                Worker 1:  Batches: 5  Memory Usage: 8241kB  Disk Usage: 27608kB
                                                                                ->  Parallel Seq Scan on tickets t  (cost=0.00..80582.27 rows=2160627 width=12) (actual time=1.037..103.659 rows=1728502 loops=3)
                                                  ->  Hash  (cost=25.40..25.40 rows=1440 width=8) (actual time=0.184..0.185 rows=1440 loops=1)
                                                        Buckets: 2048  Batches: 1  Memory Usage: 73kB
                                                        ->  Seq Scan on schedule s  (cost=0.00..25.40 rows=1440 width=8) (actual time=0.010..0.091 rows=1440 loops=1)
                                            ->  Hash  (cost=1.60..1.60 rows=60 width=8) (actual time=0.019..0.019 rows=60 loops=1)
                                                  Buckets: 1024  Batches: 1  Memory Usage: 11kB
                                                  ->  Seq Scan on busroute br  (cost=0.00..1.60 rows=60 width=8) (actual time=0.009..0.015 rows=60 loops=1)
                                      ->  Memoize  (cost=0.15..0.36 rows=1 width=68) (actual time=0.000..0.000 rows=1 loops=144000)
                                            Cache Key: br.fkbusstationfrom
                                            Cache Mode: logical
                                            Hits: 143990  Misses: 10  Evictions: 0  Overflows: 0  Memory Usage: 2kB
                                            ->  Index Scan using busstation_pkey on busstation bs  (cost=0.14..0.35 rows=1 width=68) (actual time=0.002..0.003 rows=1 loops=10)
                                                  Index Cond: (id = br.fkbusstationfrom)
                                ->  Hash  (cost=5.05..5.05 rows=5 width=12) (actual time=0.068..0.069 rows=5 loops=1)
                                      Buckets: 1024  Batches: 1  Memory Usage: 9kB
                                      ->  HashAggregate  (cost=5.00..5.05 rows=5 width=12) (actual time=0.064..0.066 rows=5 loops=1)
                                            Group Key: s_1.fkbus
                                            Batches: 1  Memory Usage: 24kB
                                            ->  Seq Scan on seat s_1  (cost=0.00..4.00 rows=200 width=8) (actual time=0.030..0.038 rows=200 loops=1)
      Planning Time: 4.294 ms
      Execution Time: 959.334 ms


 без индексов :
   
     (cost=326776.00..326776.02 rows=10 width=56) (actual time=5817.927..5818.000 rows=10 loops=1)
     
 с индексом :
 
    (cost=326709.52..326709.54 rows=10 width=56) (actual time=951.515..951.569 rows=10 loops=1)


Особо сильной разницы я не заметила, разве что 326776 на 67 больше чем 326709
Ради интереса сделала VACUUM ANALYSE на таблицы, стоимость стала дороже 

      (cost=331146.01..331146.03 rows=10 width=56) (actual time=889.962..898.747 rows=10 loops=1)
